Removed Pin From Net: NetName=GPIO_15_F2 Pin=IC2-19
Added Component: Designator=C23(CAP_0402)
Add component (AddParameter): Name = "LCSC"; Value = "C1525"; VariantName = "[No Variations]"
Add component (AddParameter): Name = "Manufacturer"; Value = "Samsung"; VariantName = "[No Variations]"
Add component (AddParameter): Name = "Manufacturer Part Number"; Value = "CL05B104KO5NNNC"; VariantName = "[No Variations]"
Added Component: Designator=R15(RES_0402)
Added Component: Designator=S3(SW-SMD)
Add component (AddParameter): Name = "LatestRevisionDate"; Value = "17-Jul-2002"; VariantName = "[No Variations]"
Add component (AddParameter): Name = "LatestRevisionNote"; Value = "Re-released for DXP Platform."; VariantName = "[No Variations]"
Add component (AddParameter): Name = "PackageReference"; Value = "SPST-2"; VariantName = "[No Variations]"
Add component (AddParameter): Name = "Published"; Value = "24-Mar-1999"; VariantName = "[No Variations]"
Add component (AddParameter): Name = "Publisher"; Value = "Altium Limited"; VariantName = "[No Variations]"
Added Pin To Net: NetName=GPIO_9 Pin=C9-2
Added Pin To Net: NetName=GND Pin=C23-1
Added Pin To Net: NetName=CHIP_EN Pin=C23-2
Added Pin To Net: NetName=GPIO_15_F2 Pin=IC2-18
Added Pin To Net: NetName=GPIO_9 Pin=R7-1
Added Pin To Net: NetName=CHIP_EN Pin=R15-1
Added Pin To Net: NetName=+3V3 Pin=R15-2
Added Pin To Net: NetName=GPIO_9 Pin=S1-1
Added Pin To Net: NetName=CHIP_EN Pin=S3-1
Added Pin To Net: NetName=GND Pin=S3-2
Change Net Name : Old Net Name=GPIO_15_F2 New Net Name=GPIO_14_F1
Added Member To Class: ClassName=ESP32_Dongle Member=Component C23 100nF
Added Member To Class: ClassName=ESP32_Dongle Member=Component R15 10K
Added Member To Class: ClassName=ESP32_Dongle Member=Component S3 SW-SMD
